<?xml version="1.0" encoding="UTF-8"?>
<testsuites>
  <testsuite name="" tests="1" assertions="1" errors="0" warnings="0" failures="0" skipped="0" time="0.627466">
    <testsuite name="Test Suite" tests="1" assertions="1" errors="0" warnings="0" failures="0" skipped="0" time="0.627466">
      <testsuite name="CobaTest" file="C:\laragon\www\siporang\packages\laravel-datatables\tests\Feature\CobaTest.php" tests="1" assertions="1" errors="0" warnings="0" failures="0" skipped="0" time="0.627466">
        <testcase name="true_is_true" class="CobaTest" classname="CobaTest" file="C:\laragon\www\siporang\packages\laravel-datatables\tests\Feature\CobaTest.php" line="17" assertions="1" time="0.627466"/>
      </testsuite>
    </testsuite>
  </testsuite>
</testsuites>
